{"C:\\Users\\Sarah\\source\\hdip-project\\api\\src\\controllers\\context.controller.ts": {"path":"C:\\Users\\Sarah\\source\\hdip-project\\api\\src\\controllers\\context.controller.ts","statementMap":{"0":{"start":{"line":1,"column":0},"end":{"line":1,"column":30}},"1":{"start":{"line":4,"column":15},"end":{"line":16,"column":2}},"2":{"start":{"line":4,"column":69},"end":{"line":16,"column":2}},"3":{"start":{"line":5,"column":22},"end":{"line":5,"column":42}},"4":{"start":{"line":6,"column":22},"end":{"line":11,"column":6}},"5":{"start":{"line":13,"column":4},"end":{"line":13,"column":29}},"6":{"start":{"line":14,"column":4},"end":{"line":14,"column":null}},"7":{"start":{"line":18,"column":15},"end":{"line":39,"column":2}},"8":{"start":{"line":18,"column":69},"end":{"line":39,"column":2}},"9":{"start":{"line":19,"column":22},"end":{"line":19,"column":42}},"10":{"start":{"line":20,"column":4},"end":{"line":37,"column":null}},"11":{"start":{"line":21,"column":8},"end":{"line":32,"column":null}},"12":{"start":{"line":33,"column":8},"end":{"line":33,"column":32}},"13":{"start":{"line":35,"column":8},"end":{"line":35,"column":27}},"14":{"start":{"line":36,"column":8},"end":{"line":36,"column":44}},"15":{"start":{"line":47,"column":16},"end":{"line":57,"column":2}},"16":{"start":{"line":47,"column":70},"end":{"line":57,"column":2}},"17":{"start":{"line":48,"column":22},"end":{"line":48,"column":42}},"18":{"start":{"line":49,"column":4},"end":{"line":54,"column":18}},"19":{"start":{"line":55,"column":4},"end":{"line":55,"column":null}},"20":{"start":{"line":59,"column":0},"end":{"line":64,"column":null}}},"fnMap":{"0":{"name":"(anonymous_8)","decl":{"start":{"line":4,"column":15},"end":{"line":4,"column":22}},"loc":{"start":{"line":4,"column":69},"end":{"line":16,"column":2}}},"1":{"name":"(anonymous_9)","decl":{"start":{"line":4,"column":69},"end":{"line":4,"column":null}},"loc":{"start":{"line":4,"column":69},"end":{"line":16,"column":1}}},"2":{"name":"(anonymous_10)","decl":{"start":{"line":18,"column":15},"end":{"line":18,"column":22}},"loc":{"start":{"line":18,"column":69},"end":{"line":39,"column":2}}},"3":{"name":"(anonymous_11)","decl":{"start":{"line":18,"column":69},"end":{"line":18,"column":null}},"loc":{"start":{"line":18,"column":69},"end":{"line":39,"column":1}}},"4":{"name":"(anonymous_12)","decl":{"start":{"line":47,"column":16},"end":{"line":47,"column":23}},"loc":{"start":{"line":47,"column":70},"end":{"line":57,"column":2}}},"5":{"name":"(anonymous_13)","decl":{"start":{"line":47,"column":70},"end":{"line":47,"column":null}},"loc":{"start":{"line":47,"column":70},"end":{"line":57,"column":1}}}},"branchMap":{"0":{"loc":{"start":{"line":53,"column":34},"end":{"line":53,"column":48}},"type":"cond-expr","locations":[{"start":{"line":53,"column":42},"end":{"line":53,"column":46}},{"start":{"line":53,"column":46},"end":{"line":53,"column":48}}]},"1":{"loc":{"start":{"line":53,"column":34},"end":{"line":53,"column":46}},"type":"binary-expr","locations":[{"start":{"line":53,"column":34},"end":{"line":53,"column":46}},{"start":{"line":53,"column":42},"end":{"line":53,"column":46}}]}},"s":{"0":2,"1":2,"2":0,"3":0,"4":0,"5":0,"6":0,"7":2,"8":4,"9":4,"10":4,"11":4,"12":4,"13":0,"14":0,"15":2,"16":0,"17":0,"18":0,"19":0,"20":2},"f":{"0":0,"1":0,"2":4,"3":4,"4":0,"5":0},"b":{"0":[0,0],"1":[0,0]}}
,"C:\\Users\\Sarah\\source\\hdip-project\\api\\src\\controllers\\finds.controller.ts": {"path":"C:\\Users\\Sarah\\source\\hdip-project\\api\\src\\controllers\\finds.controller.ts","statementMap":{"0":{"start":{"line":1,"column":0},"end":{"line":1,"column":30}},"1":{"start":{"line":4,"column":15},"end":{"line":16,"column":2}},"2":{"start":{"line":4,"column":69},"end":{"line":16,"column":2}},"3":{"start":{"line":5,"column":22},"end":{"line":5,"column":42}},"4":{"start":{"line":6,"column":21},"end":{"line":13,"column":38}},"5":{"start":{"line":14,"column":4},"end":{"line":14,"column":null}},"6":{"start":{"line":18,"column":22},"end":{"line":32,"column":2}},"7":{"start":{"line":18,"column":76},"end":{"line":32,"column":2}},"8":{"start":{"line":20,"column":17},"end":{"line":20,"column":32}},"9":{"start":{"line":21,"column":16},"end":{"line":21,"column":49}},"10":{"start":{"line":22,"column":26},"end":{"line":29,"column":15}},"11":{"start":{"line":30,"column":2},"end":{"line":30,"column":null}},"12":{"start":{"line":35,"column":15},"end":{"line":55,"column":2}},"13":{"start":{"line":35,"column":69},"end":{"line":55,"column":2}},"14":{"start":{"line":36,"column":4},"end":{"line":53,"column":null}},"15":{"start":{"line":37,"column":8},"end":{"line":48,"column":null}},"16":{"start":{"line":49,"column":8},"end":{"line":49,"column":32}},"17":{"start":{"line":51,"column":8},"end":{"line":51,"column":27}},"18":{"start":{"line":52,"column":8},"end":{"line":52,"column":44}},"19":{"start":{"line":57,"column":15},"end":{"line":79,"column":2}},"20":{"start":{"line":57,"column":69},"end":{"line":79,"column":2}},"21":{"start":{"line":58,"column":21},"end":{"line":58,"column":42}},"22":{"start":{"line":59,"column":2},"end":{"line":77,"column":null}},"23":{"start":{"line":60,"column":6},"end":{"line":73,"column":null}},"24":{"start":{"line":74,"column":6},"end":{"line":74,"column":31}},"25":{"start":{"line":76,"column":6},"end":{"line":76,"column":42}},"26":{"start":{"line":81,"column":16},"end":{"line":94,"column":2}},"27":{"start":{"line":81,"column":70},"end":{"line":94,"column":2}},"28":{"start":{"line":82,"column":22},"end":{"line":82,"column":42}},"29":{"start":{"line":83,"column":22},"end":{"line":83,"column":42}},"30":{"start":{"line":84,"column":23},"end":{"line":84,"column":44}},"31":{"start":{"line":85,"column":4},"end":{"line":91,"column":18}},"32":{"start":{"line":92,"column":4},"end":{"line":92,"column":null}},"33":{"start":{"line":96,"column":0},"end":{"line":102,"column":null}}},"fnMap":{"0":{"name":"(anonymous_8)","decl":{"start":{"line":4,"column":15},"end":{"line":4,"column":22}},"loc":{"start":{"line":4,"column":69},"end":{"line":16,"column":2}}},"1":{"name":"(anonymous_9)","decl":{"start":{"line":4,"column":69},"end":{"line":4,"column":null}},"loc":{"start":{"line":4,"column":69},"end":{"line":16,"column":1}}},"2":{"name":"(anonymous_10)","decl":{"start":{"line":18,"column":22},"end":{"line":18,"column":29}},"loc":{"start":{"line":18,"column":76},"end":{"line":32,"column":2}}},"3":{"name":"(anonymous_11)","decl":{"start":{"line":18,"column":76},"end":{"line":18,"column":null}},"loc":{"start":{"line":18,"column":76},"end":{"line":32,"column":1}}},"4":{"name":"(anonymous_12)","decl":{"start":{"line":35,"column":15},"end":{"line":35,"column":22}},"loc":{"start":{"line":35,"column":69},"end":{"line":55,"column":2}}},"5":{"name":"(anonymous_13)","decl":{"start":{"line":35,"column":69},"end":{"line":35,"column":null}},"loc":{"start":{"line":35,"column":69},"end":{"line":55,"column":1}}},"6":{"name":"(anonymous_14)","decl":{"start":{"line":57,"column":15},"end":{"line":57,"column":22}},"loc":{"start":{"line":57,"column":69},"end":{"line":79,"column":2}}},"7":{"name":"(anonymous_15)","decl":{"start":{"line":57,"column":69},"end":{"line":57,"column":null}},"loc":{"start":{"line":57,"column":69},"end":{"line":79,"column":1}}},"8":{"name":"(anonymous_16)","decl":{"start":{"line":81,"column":16},"end":{"line":81,"column":23}},"loc":{"start":{"line":81,"column":70},"end":{"line":94,"column":2}}},"9":{"name":"(anonymous_17)","decl":{"start":{"line":81,"column":70},"end":{"line":81,"column":null}},"loc":{"start":{"line":81,"column":70},"end":{"line":94,"column":1}}}},"branchMap":{"0":{"loc":{"start":{"line":21,"column":25},"end":{"line":21,"column":48}},"type":"cond-expr","locations":[{"start":{"line":21,"column":41},"end":{"line":21,"column":45}},{"start":{"line":21,"column":45},"end":{"line":21,"column":48}}]},"1":{"loc":{"start":{"line":21,"column":25},"end":{"line":21,"column":45}},"type":"binary-expr","locations":[{"start":{"line":21,"column":25},"end":{"line":21,"column":45}},{"start":{"line":21,"column":41},"end":{"line":21,"column":45}}]}},"s":{"0":1,"1":1,"2":0,"3":0,"4":0,"5":0,"6":1,"7":0,"8":0,"9":0,"10":0,"11":0,"12":1,"13":2,"14":2,"15":2,"16":1,"17":1,"18":1,"19":1,"20":0,"21":0,"22":0,"23":0,"24":0,"25":0,"26":1,"27":0,"28":0,"29":0,"30":0,"31":0,"32":0,"33":1},"f":{"0":0,"1":0,"2":0,"3":0,"4":2,"5":2,"6":0,"7":0,"8":0,"9":0},"b":{"0":[0,0],"1":[0,0]}}
,"C:\\Users\\Sarah\\source\\hdip-project\\api\\src\\controllers\\project.controller.ts": {"path":"C:\\Users\\Sarah\\source\\hdip-project\\api\\src\\controllers\\project.controller.ts","statementMap":{"0":{"start":{"line":1,"column":0},"end":{"line":1,"column":30}},"1":{"start":{"line":5,"column":15},"end":{"line":23,"column":2}},"2":{"start":{"line":5,"column":69},"end":{"line":23,"column":2}},"3":{"start":{"line":7,"column":15},"end":{"line":7,"column":23}},"4":{"start":{"line":8,"column":2},"end":{"line":13,"column":null}},"5":{"start":{"line":9,"column":24},"end":{"line":10,"column":15}},"6":{"start":{"line":11,"column":4},"end":{"line":11,"column":null}},"7":{"start":{"line":12,"column":4},"end":{"line":12,"column":11}},"8":{"start":{"line":15,"column":22},"end":{"line":20,"column":25}},"9":{"start":{"line":17,"column":6},"end":{"line":18,"column":null}},"10":{"start":{"line":21,"column":2},"end":{"line":21,"column":24}},"11":{"start":{"line":25,"column":15},"end":{"line":42,"column":2}},"12":{"start":{"line":25,"column":69},"end":{"line":42,"column":2}},"13":{"start":{"line":26,"column":2},"end":{"line":40,"column":null}},"14":{"start":{"line":27,"column":4},"end":{"line":36,"column":null}},"15":{"start":{"line":37,"column":4},"end":{"line":37,"column":28}},"16":{"start":{"line":39,"column":4},"end":{"line":39,"column":40}},"17":{"start":{"line":47,"column":16},"end":{"line":50,"column":2}},"18":{"start":{"line":47,"column":70},"end":{"line":50,"column":2}},"19":{"start":{"line":48,"column":2},"end":{"line":48,"column":null}},"20":{"start":{"line":49,"column":4},"end":{"line":49,"column":null}},"21":{"start":{"line":52,"column":15},"end":{"line":61,"column":null}},"22":{"start":{"line":52,"column":69},"end":{"line":61,"column":null}},"23":{"start":{"line":53,"column":20},"end":{"line":53,"column":40}},"24":{"start":{"line":55,"column":18},"end":{"line":59,"column":12}},"25":{"start":{"line":60,"column":2},"end":{"line":60,"column":20}},"26":{"start":{"line":63,"column":0},"end":{"line":69,"column":null}}},"fnMap":{"0":{"name":"(anonymous_8)","decl":{"start":{"line":5,"column":15},"end":{"line":5,"column":22}},"loc":{"start":{"line":5,"column":69},"end":{"line":23,"column":2}}},"1":{"name":"(anonymous_9)","decl":{"start":{"line":5,"column":69},"end":{"line":5,"column":null}},"loc":{"start":{"line":5,"column":69},"end":{"line":23,"column":1}}},"2":{"name":"(anonymous_10)","decl":{"start":{"line":16,"column":24},"end":{"line":16,"column":25}},"loc":{"start":{"line":16,"column":33},"end":{"line":19,"column":5}}},"3":{"name":"(anonymous_11)","decl":{"start":{"line":25,"column":15},"end":{"line":25,"column":22}},"loc":{"start":{"line":25,"column":69},"end":{"line":42,"column":2}}},"4":{"name":"(anonymous_12)","decl":{"start":{"line":25,"column":69},"end":{"line":25,"column":null}},"loc":{"start":{"line":25,"column":69},"end":{"line":42,"column":1}}},"5":{"name":"(anonymous_13)","decl":{"start":{"line":47,"column":16},"end":{"line":47,"column":23}},"loc":{"start":{"line":47,"column":70},"end":{"line":50,"column":2}}},"6":{"name":"(anonymous_14)","decl":{"start":{"line":47,"column":70},"end":{"line":47,"column":null}},"loc":{"start":{"line":47,"column":70},"end":{"line":50,"column":1}}},"7":{"name":"(anonymous_15)","decl":{"start":{"line":52,"column":15},"end":{"line":52,"column":22}},"loc":{"start":{"line":52,"column":69},"end":{"line":61,"column":null}}},"8":{"name":"(anonymous_16)","decl":{"start":{"line":52,"column":69},"end":{"line":52,"column":null}},"loc":{"start":{"line":52,"column":69},"end":{"line":61,"column":1}}}},"branchMap":{"0":{"loc":{"start":{"line":8,"column":2},"end":{"line":13,"column":null}},"type":"if","locations":[{"start":{"line":8,"column":2},"end":{"line":13,"column":null}}]}},"s":{"0":3,"1":3,"2":0,"3":0,"4":0,"5":0,"6":0,"7":0,"8":0,"9":0,"10":0,"11":3,"12":7,"13":7,"14":7,"15":7,"16":0,"17":3,"18":0,"19":0,"20":0,"21":3,"22":0,"23":0,"24":0,"25":0,"26":3},"f":{"0":0,"1":0,"2":0,"3":7,"4":7,"5":0,"6":0,"7":0,"8":0},"b":{"0":[0]}}
,"C:\\Users\\Sarah\\source\\hdip-project\\api\\src\\controllers\\user.controller.ts": {"path":"C:\\Users\\Sarah\\source\\hdip-project\\api\\src\\controllers\\user.controller.ts","statementMap":{"0":{"start":{"line":1,"column":0},"end":{"line":1,"column":35}},"1":{"start":{"line":2,"column":0},"end":{"line":2,"column":30}},"2":{"start":{"line":5,"column":15},"end":{"line":34,"column":2}},"3":{"start":{"line":5,"column":69},"end":{"line":34,"column":2}},"4":{"start":{"line":6,"column":16},"end":{"line":6,"column":55}},"5":{"start":{"line":7,"column":17},"end":{"line":7,"column":57}},"6":{"start":{"line":8,"column":19},"end":{"line":8,"column":47}},"7":{"start":{"line":9,"column":17},"end":{"line":9,"column":43}},"8":{"start":{"line":11,"column":2},"end":{"line":11,"column":34}},"9":{"start":{"line":12,"column":2},"end":{"line":12,"column":36}},"10":{"start":{"line":14,"column":16},"end":{"line":14,"column":64}},"11":{"start":{"line":16,"column":2},"end":{"line":20,"column":null}},"12":{"start":{"line":17,"column":4},"end":{"line":19,"column":7}},"13":{"start":{"line":23,"column":2},"end":{"line":30,"column":null}},"14":{"start":{"line":25,"column":4},"end":{"line":29,"column":7}},"15":{"start":{"line":26,"column":6},"end":{"line":28,"column":48}},"16":{"start":{"line":32,"column":19},"end":{"line":32,"column":30}},"17":{"start":{"line":33,"column":2},"end":{"line":33,"column":21}},"18":{"start":{"line":36,"column":15},"end":{"line":60,"column":2}},"19":{"start":{"line":36,"column":69},"end":{"line":60,"column":2}},"20":{"start":{"line":37,"column":2},"end":{"line":59,"column":null}},"21":{"start":{"line":38,"column":4},"end":{"line":54,"column":7}},"22":{"start":{"line":55,"column":4},"end":{"line":55,"column":28}},"23":{"start":{"line":57,"column":4},"end":{"line":57,"column":23}},"24":{"start":{"line":58,"column":4},"end":{"line":58,"column":40}},"25":{"start":{"line":63,"column":15},"end":{"line":84,"column":2}},"26":{"start":{"line":63,"column":69},"end":{"line":84,"column":2}},"27":{"start":{"line":64,"column":2},"end":{"line":83,"column":null}},"28":{"start":{"line":65,"column":4},"end":{"line":78,"column":41}},"29":{"start":{"line":80,"column":4},"end":{"line":80,"column":29}},"30":{"start":{"line":82,"column":4},"end":{"line":82,"column":40}},"31":{"start":{"line":86,"column":16},"end":{"line":97,"column":2}},"32":{"start":{"line":86,"column":70},"end":{"line":97,"column":2}},"33":{"start":{"line":87,"column":2},"end":{"line":96,"column":null}},"34":{"start":{"line":88,"column":4},"end":{"line":88,"column":26}},"35":{"start":{"line":89,"column":4},"end":{"line":91,"column":41}},"36":{"start":{"line":93,"column":4},"end":{"line":93,"column":31}},"37":{"start":{"line":95,"column":4},"end":{"line":95,"column":40}},"38":{"start":{"line":99,"column":0},"end":{"line":104,"column":2}}},"fnMap":{"0":{"name":"(anonymous_8)","decl":{"start":{"line":5,"column":15},"end":{"line":5,"column":22}},"loc":{"start":{"line":5,"column":69},"end":{"line":34,"column":2}}},"1":{"name":"(anonymous_9)","decl":{"start":{"line":5,"column":69},"end":{"line":5,"column":null}},"loc":{"start":{"line":5,"column":69},"end":{"line":34,"column":1}}},"2":{"name":"(anonymous_10)","decl":{"start":{"line":25,"column":19},"end":{"line":25,"column":20}},"loc":{"start":{"line":25,"column":27},"end":{"line":29,"column":5}}},"3":{"name":"(anonymous_11)","decl":{"start":{"line":36,"column":15},"end":{"line":36,"column":22}},"loc":{"start":{"line":36,"column":69},"end":{"line":60,"column":2}}},"4":{"name":"(anonymous_12)","decl":{"start":{"line":36,"column":69},"end":{"line":36,"column":null}},"loc":{"start":{"line":36,"column":69},"end":{"line":60,"column":1}}},"5":{"name":"(anonymous_13)","decl":{"start":{"line":63,"column":15},"end":{"line":63,"column":22}},"loc":{"start":{"line":63,"column":69},"end":{"line":84,"column":2}}},"6":{"name":"(anonymous_14)","decl":{"start":{"line":63,"column":69},"end":{"line":63,"column":null}},"loc":{"start":{"line":63,"column":69},"end":{"line":84,"column":1}}},"7":{"name":"(anonymous_15)","decl":{"start":{"line":86,"column":16},"end":{"line":86,"column":23}},"loc":{"start":{"line":86,"column":70},"end":{"line":97,"column":2}}},"8":{"name":"(anonymous_16)","decl":{"start":{"line":86,"column":70},"end":{"line":86,"column":null}},"loc":{"start":{"line":86,"column":70},"end":{"line":97,"column":1}}}},"branchMap":{"0":{"loc":{"start":{"line":16,"column":2},"end":{"line":20,"column":null}},"type":"if","locations":[{"start":{"line":16,"column":2},"end":{"line":20,"column":null}}]},"1":{"loc":{"start":{"line":23,"column":2},"end":{"line":30,"column":null}},"type":"if","locations":[{"start":{"line":23,"column":2},"end":{"line":30,"column":null}}]},"2":{"loc":{"start":{"line":78,"column":25},"end":{"line":78,"column":39}},"type":"cond-expr","locations":[{"start":{"line":78,"column":33},"end":{"line":78,"column":37}},{"start":{"line":78,"column":37},"end":{"line":78,"column":39}}]},"3":{"loc":{"start":{"line":78,"column":25},"end":{"line":78,"column":37}},"type":"binary-expr","locations":[{"start":{"line":78,"column":25},"end":{"line":78,"column":37}},{"start":{"line":78,"column":33},"end":{"line":78,"column":37}}]},"4":{"loc":{"start":{"line":91,"column":25},"end":{"line":91,"column":39}},"type":"cond-expr","locations":[{"start":{"line":91,"column":33},"end":{"line":91,"column":37}},{"start":{"line":91,"column":37},"end":{"line":91,"column":39}}]},"5":{"loc":{"start":{"line":91,"column":25},"end":{"line":91,"column":37}},"type":"binary-expr","locations":[{"start":{"line":91,"column":25},"end":{"line":91,"column":37}},{"start":{"line":91,"column":33},"end":{"line":91,"column":37}}]}},"s":{"0":3,"1":3,"2":3,"3":0,"4":0,"5":0,"6":0,"7":0,"8":0,"9":0,"10":0,"11":0,"12":0,"13":0,"14":0,"15":0,"16":0,"17":0,"18":3,"19":9,"20":9,"21":9,"22":9,"23":0,"24":0,"25":3,"26":0,"27":0,"28":0,"29":0,"30":0,"31":3,"32":0,"33":0,"34":0,"35":0,"36":0,"37":0,"38":3},"f":{"0":0,"1":0,"2":0,"3":9,"4":9,"5":0,"6":0,"7":0,"8":0},"b":{"0":[0],"1":[0],"2":[0,0],"3":[0,0],"4":[0,0],"5":[0,0]}}
,"C:\\Users\\Sarah\\source\\hdip-project\\api\\src\\util\\hashing.ts": {"path":"C:\\Users\\Sarah\\source\\hdip-project\\api\\src\\util\\hashing.ts","statementMap":{"0":{"start":{"line":2,"column":0},"end":{"line":2,"column":36}},"1":{"start":{"line":4,"column":13},"end":{"line":6,"column":1}},"2":{"start":{"line":5,"column":4},"end":{"line":5,"column":82}},"3":{"start":{"line":8,"column":0},"end":{"line":8,"column":20}}},"fnMap":{"0":{"name":"(anonymous_0)","decl":{"start":{"line":4,"column":13},"end":{"line":4,"column":14}},"loc":{"start":{"line":4,"column":33},"end":{"line":6,"column":1}}}},"branchMap":{},"s":{"0":4,"1":4,"2":13,"3":4},"f":{"0":13},"b":{}}
,"C:\\Users\\Sarah\\source\\hdip-project\\api\\src\\util\\knex.ts": {"path":"C:\\Users\\Sarah\\source\\hdip-project\\api\\src\\util\\knex.ts","statementMap":{"0":{"start":{"line":1,"column":0},"end":{"line":1,"column":24}},"1":{"start":{"line":4,"column":13},"end":{"line":4,"column":32}},"2":{"start":{"line":6,"column":1},"end":{"line":8,"column":3}},"3":{"start":{"line":7,"column":4},"end":{"line":7,"column":null}},"4":{"start":{"line":11,"column":11},"end":{"line":20,"column":2}},"5":{"start":{"line":24,"column":0},"end":{"line":24,"column":18}}},"fnMap":{},"branchMap":{"0":{"loc":{"start":{"line":6,"column":1},"end":{"line":8,"column":3}},"type":"if","locations":[{"start":{"line":6,"column":1},"end":{"line":8,"column":3}}]},"1":{"loc":{"start":{"line":15,"column":20},"end":{"line":15,"column":46}},"type":"cond-expr","locations":[{"start":{"line":15,"column":39},"end":{"line":15,"column":43}},{"start":{"line":15,"column":43},"end":{"line":15,"column":46}}]},"2":{"loc":{"start":{"line":15,"column":20},"end":{"line":15,"column":43}},"type":"binary-expr","locations":[{"start":{"line":15,"column":20},"end":{"line":15,"column":43}},{"start":{"line":15,"column":39},"end":{"line":15,"column":43}}]}},"s":{"0":4,"1":4,"2":4,"3":4,"4":4,"5":4},"f":{},"b":{"0":[4],"1":[4,0],"2":[4,4]}}
}
