TN:
SF:src\controllers\context.controller.ts
FN:4,(anonymous_8)
FN:4,(anonymous_9)
FN:18,(anonymous_10)
FN:18,(anonymous_11)
FN:47,(anonymous_12)
FN:47,(anonymous_13)
FNF:6
FNH:2
FNDA:0,(anonymous_8)
FNDA:0,(anonymous_9)
FNDA:4,(anonymous_10)
FNDA:4,(anonymous_11)
FNDA:0,(anonymous_12)
FNDA:0,(anonymous_13)
DA:1,2
DA:4,2
DA:5,0
DA:6,0
DA:13,0
DA:14,0
DA:18,4
DA:19,4
DA:20,4
DA:21,4
DA:33,4
DA:35,0
DA:36,0
DA:47,2
DA:48,0
DA:49,0
DA:55,0
DA:59,2
LF:18
LH:9
BRDA:53,0,0,0
BRDA:53,0,1,0
BRDA:53,1,0,0
BRDA:53,1,1,0
BRF:4
BRH:0
end_of_record
TN:
SF:src\controllers\finds.controller.ts
FN:4,(anonymous_8)
FN:4,(anonymous_9)
FN:18,(anonymous_10)
FN:18,(anonymous_11)
FN:35,(anonymous_12)
FN:35,(anonymous_13)
FN:57,(anonymous_14)
FN:57,(anonymous_15)
FN:81,(anonymous_16)
FN:81,(anonymous_17)
FNF:10
FNH:2
FNDA:0,(anonymous_8)
FNDA:0,(anonymous_9)
FNDA:0,(anonymous_10)
FNDA:0,(anonymous_11)
FNDA:2,(anonymous_12)
FNDA:2,(anonymous_13)
FNDA:0,(anonymous_14)
FNDA:0,(anonymous_15)
FNDA:0,(anonymous_16)
FNDA:0,(anonymous_17)
DA:1,1
DA:4,1
DA:5,0
DA:6,0
DA:14,0
DA:18,1
DA:20,0
DA:21,0
DA:22,0
DA:30,0
DA:35,2
DA:36,2
DA:37,2
DA:49,1
DA:51,1
DA:52,1
DA:57,1
DA:58,0
DA:59,0
DA:60,0
DA:74,0
DA:76,0
DA:81,1
DA:82,0
DA:83,0
DA:84,0
DA:85,0
DA:92,0
DA:96,1
LF:29
LH:12
BRDA:21,0,0,0
BRDA:21,0,1,0
BRDA:21,1,0,0
BRDA:21,1,1,0
BRF:4
BRH:0
end_of_record
TN:
SF:src\controllers\project.controller.ts
FN:5,(anonymous_8)
FN:5,(anonymous_9)
FN:16,(anonymous_10)
FN:25,(anonymous_11)
FN:25,(anonymous_12)
FN:47,(anonymous_13)
FN:47,(anonymous_14)
FN:52,(anonymous_15)
FN:52,(anonymous_16)
FNF:9
FNH:2
FNDA:0,(anonymous_8)
FNDA:0,(anonymous_9)
FNDA:0,(anonymous_10)
FNDA:7,(anonymous_11)
FNDA:7,(anonymous_12)
FNDA:0,(anonymous_13)
FNDA:0,(anonymous_14)
FNDA:0,(anonymous_15)
FNDA:0,(anonymous_16)
DA:1,3
DA:5,3
DA:7,0
DA:8,0
DA:9,0
DA:11,0
DA:12,0
DA:15,0
DA:17,0
DA:21,0
DA:25,7
DA:26,7
DA:27,7
DA:37,7
DA:39,0
DA:47,3
DA:48,0
DA:49,0
DA:52,3
DA:53,0
DA:55,0
DA:60,0
DA:63,3
LF:23
LH:9
BRDA:8,0,0,0
BRF:1
BRH:0
end_of_record
TN:
SF:src\controllers\user.controller.ts
FN:5,(anonymous_8)
FN:5,(anonymous_9)
FN:25,(anonymous_10)
FN:36,(anonymous_11)
FN:36,(anonymous_12)
FN:63,(anonymous_13)
FN:63,(anonymous_14)
FN:86,(anonymous_15)
FN:86,(anonymous_16)
FNF:9
FNH:2
FNDA:0,(anonymous_8)
FNDA:0,(anonymous_9)
FNDA:0,(anonymous_10)
FNDA:9,(anonymous_11)
FNDA:9,(anonymous_12)
FNDA:0,(anonymous_13)
FNDA:0,(anonymous_14)
FNDA:0,(anonymous_15)
FNDA:0,(anonymous_16)
DA:1,3
DA:2,3
DA:5,3
DA:6,0
DA:7,0
DA:8,0
DA:9,0
DA:11,0
DA:12,0
DA:14,0
DA:16,0
DA:17,0
DA:23,0
DA:25,0
DA:26,0
DA:32,0
DA:33,0
DA:36,9
DA:37,9
DA:38,9
DA:55,9
DA:57,0
DA:58,0
DA:63,3
DA:64,0
DA:65,0
DA:80,0
DA:82,0
DA:86,3
DA:87,0
DA:88,0
DA:89,0
DA:93,0
DA:95,0
DA:99,3
LF:35
LH:10
BRDA:16,0,0,0
BRDA:23,1,0,0
BRDA:78,2,0,0
BRDA:78,2,1,0
BRDA:78,3,0,0
BRDA:78,3,1,0
BRDA:91,4,0,0
BRDA:91,4,1,0
BRDA:91,5,0,0
BRDA:91,5,1,0
BRF:10
BRH:0
end_of_record
TN:
SF:src\util\hashing.ts
FN:4,(anonymous_0)
FNF:1
FNH:1
FNDA:13,(anonymous_0)
DA:2,4
DA:4,4
DA:5,13
DA:8,4
LF:4
LH:4
BRF:0
BRH:0
end_of_record
TN:
SF:src\util\knex.ts
FNF:0
FNH:0
DA:1,4
DA:4,4
DA:6,4
DA:7,4
DA:11,4
DA:24,4
LF:6
LH:6
BRDA:6,0,0,4
BRDA:15,1,0,4
BRDA:15,1,1,0
BRDA:15,2,0,4
BRDA:15,2,1,4
BRF:5
BRH:4
end_of_record
